


ARM Macro Assembler    Page 1 


    1 00000000         ;/*
    2 00000000         ;THIS SOFTWARE IS PROVIDED BY ANALOG DEVICES INC. ``AS I
                       S'' AND ANY EXPRESS OR
    3 00000000         ;IMPLIED WARRANTIES, INCLUDING, BUT NOT LIMITED TO, THE 
                       IMPLIED WARRANTIES OF
    4 00000000         ;MERCHANTABILITY, FITNESS FOR A PARTICULAR PURPOSE, OR N
                       ON-INFRINGEMENT, ARE
    5 00000000         ;DISCLAIMED. IN NO EVENT SHALL ANALOG DEVICES INC. BE LI
                       ABLE FOR ANY DIRECT,
    6 00000000         ;INDIRECT, INCIDENTAL, SPECIAL, EXEMPLARY, OR CONSEQUENT
                       IAL DAMAGES
    7 00000000         ;ARISING IN ANY WAY OUT OF THE USE OF THIS SOFTWARE, EVE
                       N IF ADVISED OF THE
    8 00000000         ;POSSIBILITY OF SUCH DAMAGE.
    9 00000000         ;
   10 00000000         ;YOU ASSUME ANY AND ALL RISK FROM THE USE OF THIS CODE O
                       R SUPPORT FILE.
   11 00000000         ;
   12 00000000         ;IT IS THE RESPONSIBILITY OF THE PERSON INTEGRATING THIS
                        CODE INTO AN APPLICATION
   13 00000000         ;TO ENSURE THAT THE RESULTING APPLICATION PERFORMS AS RE
                       QUIRED AND IS SAFE.
   14 00000000         ;
   15 00000000         ;    Module       : startup_ADuCRM360.s
   16 00000000         ;    Description  : Cortex-M3 startup file - ADuCM360 - 
                       RealView Version
   17 00000000         ;    Date         : 06 July 2012
   18 00000000         ;    Version      : v1.00
   19 00000000         ;    Changelog    : v1.00 Initial
   20 00000000         ;*/
   21 00000000         
   22 00000000         ; Amount of memory (in bytes) allocated for Stack
   23 00000000         ; Tailor this value to your application needs
   24 00000000         ; <h> Stack Configuration
   25 00000000         ;   <o> Stack Size (in Bytes) <0x0-0xFFFFFFFF:8>
   26 00000000         ; </h>
   27 00000000         
   28 00000000 00000400 
                       Stack_Size
                               EQU              0x00000400
   29 00000000         
   30 00000000                 AREA             STACK, NOINIT, READWRITE, ALIGN
=3
   31 00000000         Stack_Mem
                               SPACE            Stack_Size
   32 00000400         __initial_sp
   33 00000400         
   34 00000400         
   35 00000400         ; <h> Heap Configuration
   36 00000400         ;   <o>  Heap Size (in Bytes) <0x0-0xFFFFFFFF:8>
   37 00000400         ; </h>
   38 00000400         
   39 00000400 00000200 
                       Heap_Size
                               EQU              0x00000200
   40 00000400         
   41 00000400                 AREA             HEAP, NOINIT, READWRITE, ALIGN=
3
   42 00000000         __heap_base



ARM Macro Assembler    Page 2 


   43 00000000         Heap_Mem
                               SPACE            Heap_Size
   44 00000200         __heap_limit
   45 00000200         
   46 00000200                 PRESERVE8
   47 00000200                 THUMB
   48 00000200         
   49 00000200         
   50 00000200         ; Vector Table Mapped to Address 0 at Reset
   51 00000200                 AREA             RESET, DATA, READONLY
   52 00000000                 EXPORT           __Vectors
   53 00000000                 EXPORT           __Vectors_End
   54 00000000                 EXPORT           __Vectors_Size
   55 00000000         
   56 00000000 00000000 
                       __Vectors
                               DCD              __initial_sp ; Top of Stack
   57 00000004 00000000        DCD              Reset_Handler ; Reset Handler
   58 00000008 00000000        DCD              NMI_Handler ; The NMI handler  
                                                                  
   59 0000000C 00000000        DCD              HardFault_Handler ; The hard fa
                                                            ult handler 
   60 00000010 00000000        DCD              MemManage_Handler ; The MPU fau
                                                            lt handler  
   61 00000014 00000000        DCD              BusFault_Handler ; The bus faul
                                                            t handler  
   62 00000018 00000000        DCD              UsageFault_Handler ; The usage 
                                                            fault handler
   63 0000001C 00000000        DCD              0           ; Reserved         
                                                                  
   64 00000020 00000000        DCD              0           ; Reserved         
                                                                  
   65 00000024 00000000        DCD              0           ; Reserved         
                                                                  
   66 00000028 00000000        DCD              0           ; Reserved         
                                                                  
   67 0000002C 00000000        DCD              SVC_Handler ; SVCall handler   
                                                                  
   68 00000030 00000000        DCD              DebugMon_Handler ; Debug monito
                                                            r handler  
   69 00000034 00000000        DCD              0           ; Reserved         
                                                                  
   70 00000038 00000000        DCD              PendSV_Handler ; The PendSV han
                                                            dler     
   71 0000003C 00000000        DCD              SysTick_Handler ; The SysTick h
                                                            andler    
   72 00000040         
   73 00000040         ; External Interrupts
   74 00000040 00000000        DCD              WakeUp_Int_Handler ; Wake Up Ti
                                                            mer              [ 
                                                            0]
   75 00000044 00000000        DCD              Ext_Int0_Handler ; External Int
                                                            errupt 0       [ 1]
                                                            
   76 00000048 00000000        DCD              Ext_Int1_Handler ; External Int
                                                            errupt 1       [ 2]
                                                            
   77 0000004C 00000000        DCD              Ext_Int2_Handler ; External Int
                                                            errupt 2       [ 3]



ARM Macro Assembler    Page 3 


                                                            
   78 00000050 00000000        DCD              Ext_Int3_Handler ; External Int
                                                            errupt 3       [ 4]
                                                            
   79 00000054 00000000        DCD              Ext_Int4_Handler ; External Int
                                                            errupt 4       [ 5]
                                                            
   80 00000058 00000000        DCD              Ext_Int5_Handler ; External Int
                                                            errupt 5       [ 6]
                                                            
   81 0000005C 00000000        DCD              Ext_Int6_Handler ; External Int
                                                            errupt 6       [ 7]
                                                            
   82 00000060 00000000        DCD              Ext_Int7_Handler ; External Int
                                                            errupt 7       [ 8]
                                                            
   83 00000064 00000000        DCD              WDog_Tmr_Int_Handler ; Watchdog
                                                             timer handler     
                                                            [ 9]
   84 00000068 00000000        DCD              0           ;                  
                                                                      [10]
   85 0000006C 00000000        DCD              GP_Tmr0_Int_Handler ; General p
                                                            urpose timer 0    [
                                                            11]
   86 00000070 00000000        DCD              GP_Tmr1_Int_Handler ; General p
                                                            urpose timer 1    [
                                                            12]
   87 00000074 00000000        DCD              ADC0_Int_Handler ; ADC0 Interru
                                                            pt             [13]
                                                            
   88 00000078 00000000        DCD              ADC1_Int_Handler ; ADC1 Interru
                                                            pt             [14]
                                                            
   89 0000007C 00000000        DCD              SINC2_Int_Handler ; SINC2 Inter
                                                            rupt            [15
                                                            ]
   90 00000080 00000000        DCD              Flsh_Int_Handler ; Flash Interr
                                                            upt            [16]
                                                            
   91 00000084 00000000        DCD              UART_Int_Handler ; UART0       
                                                                           [17]
                                                            
   92 00000088 00000000        DCD              SPI0_Int_Handler ; SPI 0       
                                                                           [18]
                                                            
   93 0000008C 00000000        DCD              SPI1_Int_Handler ; SPI 1       
                                                                           [19]
                                                            
   94 00000090 00000000        DCD              I2C0_Slave_Int_Handler ; I2C0 S
                                                            lave               
                                                              [20]
   95 00000094 00000000        DCD              I2C0_Master_Int_Handler ; I2C0 
                                                            Master             
                                                               [21]
   96 00000098 00000000        DCD              DMA_Err_Int_Handler ; DMA Error
                                                             interrupt        [
                                                            22]
   97 0000009C 00000000        DCD              DMA_SPI1_TX_Int_Handler ; DMA S
                                                            PI1 TX             



ARM Macro Assembler    Page 4 


                                                               [23]
   98 000000A0 00000000        DCD              DMA_SPI1_RX_Int_Handler ; DMA S
                                                            PI1 RX             
                                                               [24]
   99 000000A4 00000000        DCD              DMA_UART_TX_Int_Handler ; DMA U
                                                            ART TX             
                                                               [25]
  100 000000A8 00000000        DCD              DMA_UART_RX_Int_Handler ; DMA U
                                                            ART RX             
                                                               [26]
  101 000000AC 00000000        DCD              DMA_I2C0_STX_Int_Handler ; DMA 
                                                            I2C0 Slave TX      
                                                                [27]
  102 000000B0 00000000        DCD              DMA_I2C0_SRX_Int_Handler ; DMA 
                                                            I2C0 Slave RX      
                                                                [28]
  103 000000B4 00000000        DCD              DMA_I2C0_MTX_Int_Handler ; DMA 
                                                            I2C0 Master TX     
                                                                [29]
  104 000000B8 00000000        DCD              DMA_I2C0_MRX_Int_Handler ; DMA 
                                                            I2C0 Master RX     
                                                                [30]
  105 000000BC 00000000        DCD              DMA_DAC_Out_Int_Handler ; DMA D
                                                            AC out             
                                                               [31]
  106 000000C0 00000000        DCD              DMA_ADC0_Int_Handler ; DMA ADC0
                                                                               
                                                            [32]
  107 000000C4 00000000        DCD              DMA_ADC1_Int_Handler ; DMA ADC1
                                                                               
                                                            [33]
  108 000000C8 00000000        DCD              DMA_SINC2_Int_Handler ; SINC2  
                                                                               
                                                             [34]
  109 000000CC 00000000        DCD              PWMTRIP_Int_Handler ; PWMTRIP  
                                                                              [
                                                            35]
  110 000000D0 00000000        DCD              PWM0_Int_Handler ; PWM0        
                                                                           [36]
                                                            
  111 000000D4 00000000        DCD              PWM1_Int_Handler ; PWM1        
                                                                           [37]
                                                            
  112 000000D8 00000000        DCD              PWM2_Int_Handler ; PWM2        
                                                                           [38]
                                                            
  113 000000DC 00000000        DCD              0           ;                  
                                                                      [39]
  114 000000E0         __Vectors_End
  115 000000E0         
  116 000000E0 000000E0 
                       __Vectors_Size
                               EQU              __Vectors_End - __Vectors
  117 000000E0         
  118 000000E0                 AREA             |.text|, CODE, READONLY
  119 00000000         
  120 00000000         ; Reset handler
  121 00000000         Reset_Handler
                               PROC



ARM Macro Assembler    Page 5 


  122 00000000                 EXPORT           Reset_Handler             [WEAK
]
  123 00000000         ;        IMPORT  SystemInit
  124 00000000                 IMPORT           __main
  125 00000000         ;LDR     R0, =SystemInit
  126 00000000         ;BLX     R0
  127 00000000 4805            LDR              R0, =__main
  128 00000002 4700            BX               R0
  129 00000004                 ENDP
  130 00000004         
  131 00000004         ; Dummy Exception Handlers (infinite loops which can be 
                       modified)
  132 00000004         
  133 00000004         NMI_Handler
                               PROC
  134 00000004                 EXPORT           NMI_Handler                [WEA
K]
  135 00000004 E7FE            B                .
  136 00000006                 ENDP
  138 00000006         HardFault_Handler
                               PROC
  139 00000006                 EXPORT           HardFault_Handler          [WEA
K]
  140 00000006 E7FE            B                .
  141 00000008                 ENDP
  143 00000008         MemManage_Handler
                               PROC
  144 00000008                 EXPORT           MemManage_Handler          [WEA
K]
  145 00000008 E7FE            B                .
  146 0000000A                 ENDP
  148 0000000A         BusFault_Handler
                               PROC
  149 0000000A                 EXPORT           BusFault_Handler           [WEA
K]
  150 0000000A E7FE            B                .
  151 0000000C                 ENDP
  153 0000000C         UsageFault_Handler
                               PROC
  154 0000000C                 EXPORT           UsageFault_Handler         [WEA
K]
  155 0000000C E7FE            B                .
  156 0000000E                 ENDP
  157 0000000E         SVC_Handler
                               PROC
  158 0000000E                 EXPORT           SVC_Handler                [WEA
K]
  159 0000000E E7FE            B                .
  160 00000010                 ENDP
  162 00000010         DebugMon_Handler
                               PROC
  163 00000010                 EXPORT           DebugMon_Handler           [WEA
K]
  164 00000010 E7FE            B                .
  165 00000012                 ENDP
  166 00000012         PendSV_Handler
                               PROC
  167 00000012                 EXPORT           PendSV_Handler             [WEA
K]



ARM Macro Assembler    Page 6 


  168 00000012 E7FE            B                .
  169 00000014                 ENDP
  170 00000014         SysTick_Handler
                               PROC
  171 00000014                 EXPORT           SysTick_Handler            [WEA
K]
  172 00000014 E7FE            B                .
  173 00000016                 ENDP
  174 00000016         
  175 00000016         Default_Handler
                               PROC
  176 00000016         
  177 00000016         
  178 00000016         
  179 00000016         
  180 00000016         
  181 00000016         
  182 00000016         
  183 00000016         
  184 00000016                 EXPORT           WakeUp_Int_Handler          [WE
AK]
  185 00000016                 EXPORT           Ext_Int0_Handler            [WE
AK]
  186 00000016                 EXPORT           Ext_Int1_Handler            [WE
AK]
  187 00000016                 EXPORT           Ext_Int2_Handler            [WE
AK]
  188 00000016                 EXPORT           Ext_Int3_Handler            [WE
AK]
  189 00000016                 EXPORT           Ext_Int4_Handler            [WE
AK]
  190 00000016                 EXPORT           Ext_Int5_Handler            [WE
AK]
  191 00000016                 EXPORT           Ext_Int6_Handler            [WE
AK]
  192 00000016                 EXPORT           Ext_Int7_Handler            [WE
AK]
  193 00000016                 EXPORT           WDog_Tmr_Int_Handler        [WE
AK]
  194 00000016                 EXPORT           GP_Tmr0_Int_Handler         [WE
AK]
  195 00000016                 EXPORT           GP_Tmr1_Int_Handler         [WE
AK]
  196 00000016                 EXPORT           ADC0_Int_Handler            [WE
AK]
  197 00000016                 EXPORT           ADC1_Int_Handler            [WE
AK]
  198 00000016                 EXPORT           SINC2_Int_Handler           [WE
AK]
  199 00000016                 EXPORT           Flsh_Int_Handler            [WE
AK]
  200 00000016                 EXPORT           UART_Int_Handler            [WE
AK]
  201 00000016                 EXPORT           SPI0_Int_Handler            [WE
AK]
  202 00000016                 EXPORT           SPI1_Int_Handler            [WE
AK]
  203 00000016                 EXPORT           I2C0_Slave_Int_Handler      [WE
AK]



ARM Macro Assembler    Page 7 


  204 00000016                 EXPORT           I2C0_Master_Int_Handler     [WE
AK]
  205 00000016                 EXPORT           DMA_Err_Int_Handler         [WE
AK]
  206 00000016                 EXPORT           DMA_SPI1_TX_Int_Handler     [WE
AK]
  207 00000016                 EXPORT           DMA_SPI1_RX_Int_Handler     [WE
AK]
  208 00000016                 EXPORT           DMA_UART_TX_Int_Handler     [WE
AK]
  209 00000016                 EXPORT           DMA_UART_RX_Int_Handler     [WE
AK]
  210 00000016                 EXPORT           DMA_I2C0_STX_Int_Handler    [WE
AK]
  211 00000016                 EXPORT           DMA_I2C0_SRX_Int_Handler    [WE
AK]
  212 00000016                 EXPORT           DMA_I2C0_MTX_Int_Handler    [WE
AK]
  213 00000016                 EXPORT           DMA_I2C0_MRX_Int_Handler    [WE
AK]
  214 00000016                 EXPORT           DMA_DAC_Out_Int_Handler     [WE
AK]
  215 00000016                 EXPORT           DMA_ADC0_Int_Handler        [WE
AK]
  216 00000016                 EXPORT           DMA_ADC1_Int_Handler        [WE
AK]
  217 00000016                 EXPORT           DMA_SINC2_Int_Handler       [WE
AK]
  218 00000016                 EXPORT           PWMTRIP_Int_Handler         [WE
AK]
  219 00000016                 EXPORT           PWM0_Int_Handler            [WE
AK]
  220 00000016                 EXPORT           PWM1_Int_Handler            [WE
AK]
  221 00000016                 EXPORT           PWM2_Int_Handler            [WE
AK]
  222 00000016         
  223 00000016         
  224 00000016         WakeUp_Int_Handler
  225 00000016         Ext_Int0_Handler
  226 00000016         Ext_Int1_Handler
  227 00000016         Ext_Int2_Handler
  228 00000016         Ext_Int3_Handler
  229 00000016         Ext_Int4_Handler
  230 00000016         Ext_Int5_Handler
  231 00000016         Ext_Int6_Handler
  232 00000016         Ext_Int7_Handler
  233 00000016         WDog_Tmr_Int_Handler
  234 00000016         GP_Tmr0_Int_Handler
  235 00000016         GP_Tmr1_Int_Handler
  236 00000016         ADC0_Int_Handler
  237 00000016         ADC1_Int_Handler
  238 00000016         SINC2_Int_Handler
  239 00000016         Flsh_Int_Handler
  240 00000016         UART_Int_Handler
  241 00000016         SPI0_Int_Handler
  242 00000016         SPI1_Int_Handler
  243 00000016         I2C0_Slave_Int_Handler
  244 00000016         I2C0_Master_Int_Handler



ARM Macro Assembler    Page 8 


  245 00000016         DMA_Err_Int_Handler
  246 00000016         DMA_SPI1_TX_Int_Handler
  247 00000016         DMA_SPI1_RX_Int_Handler
  248 00000016         DMA_UART_TX_Int_Handler
  249 00000016         DMA_UART_RX_Int_Handler
  250 00000016         DMA_I2C0_STX_Int_Handler
  251 00000016         DMA_I2C0_SRX_Int_Handler
  252 00000016         DMA_I2C0_MTX_Int_Handler
  253 00000016         DMA_I2C0_MRX_Int_Handler
  254 00000016         DMA_DAC_Out_Int_Handler
  255 00000016         DMA_ADC0_Int_Handler
  256 00000016         DMA_ADC1_Int_Handler
  257 00000016         DMA_SINC2_Int_Handler
  258 00000016         PWMTRIP_Int_Handler
  259 00000016         PWM0_Int_Handler
  260 00000016         PWM1_Int_Handler
  261 00000016         PWM2_Int_Handler
  262 00000016 E7FE            B                .
  263 00000018         
  264 00000018                 ENDP
  265 00000018         
  266 00000018                 ALIGN
  267 00000018         
  268 00000018         ;*******************************************************
                       ************************
  269 00000018         ; User Stack and Heap initialization
  270 00000018         ;*******************************************************
                       ************************
  271 00000018                 IF               :DEF:__MICROLIB
  272 00000018         
  273 00000018                 EXPORT           __initial_sp
  274 00000018                 EXPORT           __heap_base
  275 00000018                 EXPORT           __heap_limit
  276 00000018         
  277 00000018                 ELSE
  292                          ENDIF
  293 00000018         
  294 00000018                 END
              00000000 
Command Line: --debug --xref --cpu=Cortex-M3 --apcs=interwork --depend=.\Obj\st
artup_ADuCM360.d -o.\Obj\startup_ADuCM360.o -IC:\Keil\ARM\RV31\INC -IC:\Keil\AR
M\CMSIS\Include -IC:\Keil\ARM\Inc\ADI --predefine="__EVAL SETA 1" --predefine="
__MICROLIB SETA 1" --list=.\Lst\startup_ADuCM360.lst ..\..\common\Realview\star
tup_ADuCM360.s



ARM Macro Assembler    Page 1 Alphabetic symbol ordering
Relocatable symbols

STACK 00000000

Symbol: STACK
   Definitions
      At line 30 in file ..\..\common\Realview\startup_ADuCM360.s
   Uses
      None
Comment: STACK unused
Stack_Mem 00000000

Symbol: Stack_Mem
   Definitions
      At line 31 in file ..\..\common\Realview\startup_ADuCM360.s
   Uses
      None
Comment: Stack_Mem unused
__initial_sp 00000400

Symbol: __initial_sp
   Definitions
      At line 32 in file ..\..\common\Realview\startup_ADuCM360.s
   Uses
      At line 56 in file ..\..\common\Realview\startup_ADuCM360.s
      At line 273 in file ..\..\common\Realview\startup_ADuCM360.s

3 symbols



ARM Macro Assembler    Page 1 Alphabetic symbol ordering
Relocatable symbols

HEAP 00000000

Symbol: HEAP
   Definitions
      At line 41 in file ..\..\common\Realview\startup_ADuCM360.s
   Uses
      None
Comment: HEAP unused
Heap_Mem 00000000

Symbol: Heap_Mem
   Definitions
      At line 43 in file ..\..\common\Realview\startup_ADuCM360.s
   Uses
      None
Comment: Heap_Mem unused
__heap_base 00000000

Symbol: __heap_base
   Definitions
      At line 42 in file ..\..\common\Realview\startup_ADuCM360.s
   Uses
      At line 274 in file ..\..\common\Realview\startup_ADuCM360.s
Comment: __heap_base used once
__heap_limit 00000200

Symbol: __heap_limit
   Definitions
      At line 44 in file ..\..\common\Realview\startup_ADuCM360.s
   Uses
      At line 275 in file ..\..\common\Realview\startup_ADuCM360.s
Comment: __heap_limit used once
4 symbols



ARM Macro Assembler    Page 1 Alphabetic symbol ordering
Relocatable symbols

RESET 00000000

Symbol: RESET
   Definitions
      At line 51 in file ..\..\common\Realview\startup_ADuCM360.s
   Uses
      None
Comment: RESET unused
__Vectors 00000000

Symbol: __Vectors
   Definitions
      At line 56 in file ..\..\common\Realview\startup_ADuCM360.s
   Uses
      At line 52 in file ..\..\common\Realview\startup_ADuCM360.s
      At line 116 in file ..\..\common\Realview\startup_ADuCM360.s

__Vectors_End 000000E0

Symbol: __Vectors_End
   Definitions
      At line 114 in file ..\..\common\Realview\startup_ADuCM360.s
   Uses
      At line 53 in file ..\..\common\Realview\startup_ADuCM360.s
      At line 116 in file ..\..\common\Realview\startup_ADuCM360.s

3 symbols



ARM Macro Assembler    Page 1 Alphabetic symbol ordering
Relocatable symbols

.text 00000000

Symbol: .text
   Definitions
      At line 118 in file ..\..\common\Realview\startup_ADuCM360.s
   Uses
      None
Comment: .text unused
ADC0_Int_Handler 00000016

Symbol: ADC0_Int_Handler
   Definitions
      At line 236 in file ..\..\common\Realview\startup_ADuCM360.s
   Uses
      At line 87 in file ..\..\common\Realview\startup_ADuCM360.s
      At line 196 in file ..\..\common\Realview\startup_ADuCM360.s

ADC1_Int_Handler 00000016

Symbol: ADC1_Int_Handler
   Definitions
      At line 237 in file ..\..\common\Realview\startup_ADuCM360.s
   Uses
      At line 88 in file ..\..\common\Realview\startup_ADuCM360.s
      At line 197 in file ..\..\common\Realview\startup_ADuCM360.s

BusFault_Handler 0000000A

Symbol: BusFault_Handler
   Definitions
      At line 148 in file ..\..\common\Realview\startup_ADuCM360.s
   Uses
      At line 61 in file ..\..\common\Realview\startup_ADuCM360.s
      At line 149 in file ..\..\common\Realview\startup_ADuCM360.s

DMA_ADC0_Int_Handler 00000016

Symbol: DMA_ADC0_Int_Handler
   Definitions
      At line 255 in file ..\..\common\Realview\startup_ADuCM360.s
   Uses
      At line 106 in file ..\..\common\Realview\startup_ADuCM360.s
      At line 215 in file ..\..\common\Realview\startup_ADuCM360.s

DMA_ADC1_Int_Handler 00000016

Symbol: DMA_ADC1_Int_Handler
   Definitions
      At line 256 in file ..\..\common\Realview\startup_ADuCM360.s
   Uses
      At line 107 in file ..\..\common\Realview\startup_ADuCM360.s
      At line 216 in file ..\..\common\Realview\startup_ADuCM360.s

DMA_DAC_Out_Int_Handler 00000016

Symbol: DMA_DAC_Out_Int_Handler
   Definitions
      At line 254 in file ..\..\common\Realview\startup_ADuCM360.s
   Uses



ARM Macro Assembler    Page 2 Alphabetic symbol ordering
Relocatable symbols

      At line 105 in file ..\..\common\Realview\startup_ADuCM360.s
      At line 214 in file ..\..\common\Realview\startup_ADuCM360.s

DMA_Err_Int_Handler 00000016

Symbol: DMA_Err_Int_Handler
   Definitions
      At line 245 in file ..\..\common\Realview\startup_ADuCM360.s
   Uses
      At line 96 in file ..\..\common\Realview\startup_ADuCM360.s
      At line 205 in file ..\..\common\Realview\startup_ADuCM360.s

DMA_I2C0_MRX_Int_Handler 00000016

Symbol: DMA_I2C0_MRX_Int_Handler
   Definitions
      At line 253 in file ..\..\common\Realview\startup_ADuCM360.s
   Uses
      At line 104 in file ..\..\common\Realview\startup_ADuCM360.s
      At line 213 in file ..\..\common\Realview\startup_ADuCM360.s

DMA_I2C0_MTX_Int_Handler 00000016

Symbol: DMA_I2C0_MTX_Int_Handler
   Definitions
      At line 252 in file ..\..\common\Realview\startup_ADuCM360.s
   Uses
      At line 103 in file ..\..\common\Realview\startup_ADuCM360.s
      At line 212 in file ..\..\common\Realview\startup_ADuCM360.s

DMA_I2C0_SRX_Int_Handler 00000016

Symbol: DMA_I2C0_SRX_Int_Handler
   Definitions
      At line 251 in file ..\..\common\Realview\startup_ADuCM360.s
   Uses
      At line 102 in file ..\..\common\Realview\startup_ADuCM360.s
      At line 211 in file ..\..\common\Realview\startup_ADuCM360.s

DMA_I2C0_STX_Int_Handler 00000016

Symbol: DMA_I2C0_STX_Int_Handler
   Definitions
      At line 250 in file ..\..\common\Realview\startup_ADuCM360.s
   Uses
      At line 101 in file ..\..\common\Realview\startup_ADuCM360.s
      At line 210 in file ..\..\common\Realview\startup_ADuCM360.s

DMA_SINC2_Int_Handler 00000016

Symbol: DMA_SINC2_Int_Handler
   Definitions
      At line 257 in file ..\..\common\Realview\startup_ADuCM360.s
   Uses
      At line 108 in file ..\..\common\Realview\startup_ADuCM360.s
      At line 217 in file ..\..\common\Realview\startup_ADuCM360.s

DMA_SPI1_RX_Int_Handler 00000016




ARM Macro Assembler    Page 3 Alphabetic symbol ordering
Relocatable symbols

Symbol: DMA_SPI1_RX_Int_Handler
   Definitions
      At line 247 in file ..\..\common\Realview\startup_ADuCM360.s
   Uses
      At line 98 in file ..\..\common\Realview\startup_ADuCM360.s
      At line 207 in file ..\..\common\Realview\startup_ADuCM360.s

DMA_SPI1_TX_Int_Handler 00000016

Symbol: DMA_SPI1_TX_Int_Handler
   Definitions
      At line 246 in file ..\..\common\Realview\startup_ADuCM360.s
   Uses
      At line 97 in file ..\..\common\Realview\startup_ADuCM360.s
      At line 206 in file ..\..\common\Realview\startup_ADuCM360.s

DMA_UART_RX_Int_Handler 00000016

Symbol: DMA_UART_RX_Int_Handler
   Definitions
      At line 249 in file ..\..\common\Realview\startup_ADuCM360.s
   Uses
      At line 100 in file ..\..\common\Realview\startup_ADuCM360.s
      At line 209 in file ..\..\common\Realview\startup_ADuCM360.s

DMA_UART_TX_Int_Handler 00000016

Symbol: DMA_UART_TX_Int_Handler
   Definitions
      At line 248 in file ..\..\common\Realview\startup_ADuCM360.s
   Uses
      At line 99 in file ..\..\common\Realview\startup_ADuCM360.s
      At line 208 in file ..\..\common\Realview\startup_ADuCM360.s

DebugMon_Handler 00000010

Symbol: DebugMon_Handler
   Definitions
      At line 162 in file ..\..\common\Realview\startup_ADuCM360.s
   Uses
      At line 68 in file ..\..\common\Realview\startup_ADuCM360.s
      At line 163 in file ..\..\common\Realview\startup_ADuCM360.s

Default_Handler 00000016

Symbol: Default_Handler
   Definitions
      At line 175 in file ..\..\common\Realview\startup_ADuCM360.s
   Uses
      None
Comment: Default_Handler unused
Ext_Int0_Handler 00000016

Symbol: Ext_Int0_Handler
   Definitions
      At line 225 in file ..\..\common\Realview\startup_ADuCM360.s
   Uses
      At line 75 in file ..\..\common\Realview\startup_ADuCM360.s
      At line 185 in file ..\..\common\Realview\startup_ADuCM360.s



ARM Macro Assembler    Page 4 Alphabetic symbol ordering
Relocatable symbols


Ext_Int1_Handler 00000016

Symbol: Ext_Int1_Handler
   Definitions
      At line 226 in file ..\..\common\Realview\startup_ADuCM360.s
   Uses
      At line 76 in file ..\..\common\Realview\startup_ADuCM360.s
      At line 186 in file ..\..\common\Realview\startup_ADuCM360.s

Ext_Int2_Handler 00000016

Symbol: Ext_Int2_Handler
   Definitions
      At line 227 in file ..\..\common\Realview\startup_ADuCM360.s
   Uses
      At line 77 in file ..\..\common\Realview\startup_ADuCM360.s
      At line 187 in file ..\..\common\Realview\startup_ADuCM360.s

Ext_Int3_Handler 00000016

Symbol: Ext_Int3_Handler
   Definitions
      At line 228 in file ..\..\common\Realview\startup_ADuCM360.s
   Uses
      At line 78 in file ..\..\common\Realview\startup_ADuCM360.s
      At line 188 in file ..\..\common\Realview\startup_ADuCM360.s

Ext_Int4_Handler 00000016

Symbol: Ext_Int4_Handler
   Definitions
      At line 229 in file ..\..\common\Realview\startup_ADuCM360.s
   Uses
      At line 79 in file ..\..\common\Realview\startup_ADuCM360.s
      At line 189 in file ..\..\common\Realview\startup_ADuCM360.s

Ext_Int5_Handler 00000016

Symbol: Ext_Int5_Handler
   Definitions
      At line 230 in file ..\..\common\Realview\startup_ADuCM360.s
   Uses
      At line 80 in file ..\..\common\Realview\startup_ADuCM360.s
      At line 190 in file ..\..\common\Realview\startup_ADuCM360.s

Ext_Int6_Handler 00000016

Symbol: Ext_Int6_Handler
   Definitions
      At line 231 in file ..\..\common\Realview\startup_ADuCM360.s
   Uses
      At line 81 in file ..\..\common\Realview\startup_ADuCM360.s
      At line 191 in file ..\..\common\Realview\startup_ADuCM360.s

Ext_Int7_Handler 00000016

Symbol: Ext_Int7_Handler
   Definitions



ARM Macro Assembler    Page 5 Alphabetic symbol ordering
Relocatable symbols

      At line 232 in file ..\..\common\Realview\startup_ADuCM360.s
   Uses
      At line 82 in file ..\..\common\Realview\startup_ADuCM360.s
      At line 192 in file ..\..\common\Realview\startup_ADuCM360.s

Flsh_Int_Handler 00000016

Symbol: Flsh_Int_Handler
   Definitions
      At line 239 in file ..\..\common\Realview\startup_ADuCM360.s
   Uses
      At line 90 in file ..\..\common\Realview\startup_ADuCM360.s
      At line 199 in file ..\..\common\Realview\startup_ADuCM360.s

GP_Tmr0_Int_Handler 00000016

Symbol: GP_Tmr0_Int_Handler
   Definitions
      At line 234 in file ..\..\common\Realview\startup_ADuCM360.s
   Uses
      At line 85 in file ..\..\common\Realview\startup_ADuCM360.s
      At line 194 in file ..\..\common\Realview\startup_ADuCM360.s

GP_Tmr1_Int_Handler 00000016

Symbol: GP_Tmr1_Int_Handler
   Definitions
      At line 235 in file ..\..\common\Realview\startup_ADuCM360.s
   Uses
      At line 86 in file ..\..\common\Realview\startup_ADuCM360.s
      At line 195 in file ..\..\common\Realview\startup_ADuCM360.s

HardFault_Handler 00000006

Symbol: HardFault_Handler
   Definitions
      At line 138 in file ..\..\common\Realview\startup_ADuCM360.s
   Uses
      At line 59 in file ..\..\common\Realview\startup_ADuCM360.s
      At line 139 in file ..\..\common\Realview\startup_ADuCM360.s

I2C0_Master_Int_Handler 00000016

Symbol: I2C0_Master_Int_Handler
   Definitions
      At line 244 in file ..\..\common\Realview\startup_ADuCM360.s
   Uses
      At line 95 in file ..\..\common\Realview\startup_ADuCM360.s
      At line 204 in file ..\..\common\Realview\startup_ADuCM360.s

I2C0_Slave_Int_Handler 00000016

Symbol: I2C0_Slave_Int_Handler
   Definitions
      At line 243 in file ..\..\common\Realview\startup_ADuCM360.s
   Uses
      At line 94 in file ..\..\common\Realview\startup_ADuCM360.s
      At line 203 in file ..\..\common\Realview\startup_ADuCM360.s




ARM Macro Assembler    Page 6 Alphabetic symbol ordering
Relocatable symbols

MemManage_Handler 00000008

Symbol: MemManage_Handler
   Definitions
      At line 143 in file ..\..\common\Realview\startup_ADuCM360.s
   Uses
      At line 60 in file ..\..\common\Realview\startup_ADuCM360.s
      At line 144 in file ..\..\common\Realview\startup_ADuCM360.s

NMI_Handler 00000004

Symbol: NMI_Handler
   Definitions
      At line 133 in file ..\..\common\Realview\startup_ADuCM360.s
   Uses
      At line 58 in file ..\..\common\Realview\startup_ADuCM360.s
      At line 134 in file ..\..\common\Realview\startup_ADuCM360.s

PWM0_Int_Handler 00000016

Symbol: PWM0_Int_Handler
   Definitions
      At line 259 in file ..\..\common\Realview\startup_ADuCM360.s
   Uses
      At line 110 in file ..\..\common\Realview\startup_ADuCM360.s
      At line 219 in file ..\..\common\Realview\startup_ADuCM360.s

PWM1_Int_Handler 00000016

Symbol: PWM1_Int_Handler
   Definitions
      At line 260 in file ..\..\common\Realview\startup_ADuCM360.s
   Uses
      At line 111 in file ..\..\common\Realview\startup_ADuCM360.s
      At line 220 in file ..\..\common\Realview\startup_ADuCM360.s

PWM2_Int_Handler 00000016

Symbol: PWM2_Int_Handler
   Definitions
      At line 261 in file ..\..\common\Realview\startup_ADuCM360.s
   Uses
      At line 112 in file ..\..\common\Realview\startup_ADuCM360.s
      At line 221 in file ..\..\common\Realview\startup_ADuCM360.s

PWMTRIP_Int_Handler 00000016

Symbol: PWMTRIP_Int_Handler
   Definitions
      At line 258 in file ..\..\common\Realview\startup_ADuCM360.s
   Uses
      At line 109 in file ..\..\common\Realview\startup_ADuCM360.s
      At line 218 in file ..\..\common\Realview\startup_ADuCM360.s

PendSV_Handler 00000012

Symbol: PendSV_Handler
   Definitions
      At line 166 in file ..\..\common\Realview\startup_ADuCM360.s



ARM Macro Assembler    Page 7 Alphabetic symbol ordering
Relocatable symbols

   Uses
      At line 70 in file ..\..\common\Realview\startup_ADuCM360.s
      At line 167 in file ..\..\common\Realview\startup_ADuCM360.s

Reset_Handler 00000000

Symbol: Reset_Handler
   Definitions
      At line 121 in file ..\..\common\Realview\startup_ADuCM360.s
   Uses
      At line 57 in file ..\..\common\Realview\startup_ADuCM360.s
      At line 122 in file ..\..\common\Realview\startup_ADuCM360.s

SINC2_Int_Handler 00000016

Symbol: SINC2_Int_Handler
   Definitions
      At line 238 in file ..\..\common\Realview\startup_ADuCM360.s
   Uses
      At line 89 in file ..\..\common\Realview\startup_ADuCM360.s
      At line 198 in file ..\..\common\Realview\startup_ADuCM360.s

SPI0_Int_Handler 00000016

Symbol: SPI0_Int_Handler
   Definitions
      At line 241 in file ..\..\common\Realview\startup_ADuCM360.s
   Uses
      At line 92 in file ..\..\common\Realview\startup_ADuCM360.s
      At line 201 in file ..\..\common\Realview\startup_ADuCM360.s

SPI1_Int_Handler 00000016

Symbol: SPI1_Int_Handler
   Definitions
      At line 242 in file ..\..\common\Realview\startup_ADuCM360.s
   Uses
      At line 93 in file ..\..\common\Realview\startup_ADuCM360.s
      At line 202 in file ..\..\common\Realview\startup_ADuCM360.s

SVC_Handler 0000000E

Symbol: SVC_Handler
   Definitions
      At line 157 in file ..\..\common\Realview\startup_ADuCM360.s
   Uses
      At line 67 in file ..\..\common\Realview\startup_ADuCM360.s
      At line 158 in file ..\..\common\Realview\startup_ADuCM360.s

SysTick_Handler 00000014

Symbol: SysTick_Handler
   Definitions
      At line 170 in file ..\..\common\Realview\startup_ADuCM360.s
   Uses
      At line 71 in file ..\..\common\Realview\startup_ADuCM360.s
      At line 171 in file ..\..\common\Realview\startup_ADuCM360.s

UART_Int_Handler 00000016



ARM Macro Assembler    Page 8 Alphabetic symbol ordering
Relocatable symbols


Symbol: UART_Int_Handler
   Definitions
      At line 240 in file ..\..\common\Realview\startup_ADuCM360.s
   Uses
      At line 91 in file ..\..\common\Realview\startup_ADuCM360.s
      At line 200 in file ..\..\common\Realview\startup_ADuCM360.s

UsageFault_Handler 0000000C

Symbol: UsageFault_Handler
   Definitions
      At line 153 in file ..\..\common\Realview\startup_ADuCM360.s
   Uses
      At line 62 in file ..\..\common\Realview\startup_ADuCM360.s
      At line 154 in file ..\..\common\Realview\startup_ADuCM360.s

WDog_Tmr_Int_Handler 00000016

Symbol: WDog_Tmr_Int_Handler
   Definitions
      At line 233 in file ..\..\common\Realview\startup_ADuCM360.s
   Uses
      At line 83 in file ..\..\common\Realview\startup_ADuCM360.s
      At line 193 in file ..\..\common\Realview\startup_ADuCM360.s

WakeUp_Int_Handler 00000016

Symbol: WakeUp_Int_Handler
   Definitions
      At line 224 in file ..\..\common\Realview\startup_ADuCM360.s
   Uses
      At line 74 in file ..\..\common\Realview\startup_ADuCM360.s
      At line 184 in file ..\..\common\Realview\startup_ADuCM360.s

50 symbols



ARM Macro Assembler    Page 1 Alphabetic symbol ordering
Absolute symbols

Heap_Size 00000200

Symbol: Heap_Size
   Definitions
      At line 39 in file ..\..\common\Realview\startup_ADuCM360.s
   Uses
      At line 43 in file ..\..\common\Realview\startup_ADuCM360.s
Comment: Heap_Size used once
Stack_Size 00000400

Symbol: Stack_Size
   Definitions
      At line 28 in file ..\..\common\Realview\startup_ADuCM360.s
   Uses
      At line 31 in file ..\..\common\Realview\startup_ADuCM360.s
Comment: Stack_Size used once
__Vectors_Size 000000E0

Symbol: __Vectors_Size
   Definitions
      At line 116 in file ..\..\common\Realview\startup_ADuCM360.s
   Uses
      At line 54 in file ..\..\common\Realview\startup_ADuCM360.s
Comment: __Vectors_Size used once
3 symbols



ARM Macro Assembler    Page 1 Alphabetic symbol ordering
External symbols

__main 00000000

Symbol: __main
   Definitions
      At line 124 in file ..\..\common\Realview\startup_ADuCM360.s
   Uses
      At line 127 in file ..\..\common\Realview\startup_ADuCM360.s
Comment: __main used once
1 symbol
398 symbols in table
