xData1  
264729472 
260911104 
257636992 
254801952 
252074688 
249388832 
246772512 
244195776 
241723392 
239304768 
236818848 
234491072 
232212000 
229968192 
227792032 
225678528 
223637088 
221617312 
219612320 
217724288 
215866912 
213999040 
212149472 
209528448 
195069920 
123309088 
39996832 
9809408 
2549344 
3095104 
41243712 
148618848 
231839008 
259023936 
265802272 
267514752 
267984192 
268058240 
266963232 
263728512 
260028224 
256900512 
254117856 
251410528 
248770240 
246104352 
243513888 
241012544 
238640064 
236306592 
233981024 
231708864 
229481088 
227347488 
225267424 
223205888 
221175392 
219209184 
217304480 
215416320 
213591872 
211764384 
209154336 
194721856 
123144288 
39954144 
9780256 
2552704 
2363168 
34448832 
138271392 
227186976 
257848512 
265508800 
267465280 
267956512 
268093184 
267428320 
264614880 
260844416 
257591616 
254764256 
252056160 
249376032 
246770816 
244212608 
241716256 
239292928 
236874208 
234529696 
232234432 
230013824 
227838880 
225738528 
223672416 
221629696 
219661344 
217750368 
215869536 
214009568 
212221824 
210100608 
201792192 
146602176 
55327488 
13772416 
3476128 
1798848 
145436480 
144076864 
